<?xml version="1.0" encoding="UTF-8"?>
<!-- Generated by org.testng.reporters.JUnitReportReporter -->
<testsuite hostname="MAC-LAP-113" name="login.validuser" tests="2" failures="0" timestamp="10 Aug 2018 09:09:09 GMT" time="29.773" errors="0">
  <testcase name="case1" time="17.032" classname="login.validuser"/>
  <testcase name="case2" time="12.741" classname="login.validuser"/>
</testsuite> <!-- login.validuser -->
