<?xml version="1.0" encoding="UTF-8"?>
<!-- Generated by org.testng.reporters.JUnitReportReporter -->
<testsuite hostname="MAC-LAP-113" name="login.validuser" tests="2" failures="0" timestamp="10 Aug 2018 10:02:44 GMT" time="25.423" errors="0">
  <testcase name="case1" time="13.821" classname="login.validuser"/>
  <testcase name="case2" time="11.602" classname="login.validuser"/>
</testsuite> <!-- login.validuser -->
