<?xml version="1.0" encoding="UTF-8"?>
<!-- Generated by org.testng.reporters.JUnitReportReporter -->
<testsuite hostname="MAC-LAP-113" name="login.validuser" tests="1" failures="0" timestamp="5 Oct 2018 07:00:51 GMT" time="14.138" errors="0">
  <testcase name="case1" time="14.138" classname="login.validuser"/>
</testsuite> <!-- login.validuser -->
