<?xml version="1.0" encoding="UTF-8"?>
<!-- Generated by org.testng.reporters.JUnitReportReporter -->
<testsuite hostname="MAC-LAP-113" name="login.validuser" tests="2" failures="0" timestamp="10 Aug 2018 09:29:59 GMT" time="25.676" errors="0">
  <testcase name="case1" time="14.740" classname="login.validuser"/>
  <testcase name="case2" time="10.936" classname="login.validuser"/>
</testsuite> <!-- login.validuser -->
